#
# There is insufficient memory for the Java Runtime Environment to continue.
# Native memory allocation (mmap) failed to map 1073741824 bytes for G1 virtual space
# Possible reasons:
#   The system is out of physical RAM or swap space
#   The process is running with CompressedOops enabled, and the Java Heap may be blocking the growth of the native heap
# Possible solutions:
#   Reduce memory load on the system
#   Increase physical memory or swap space
#   Check if swap backing store is full
#   Decrease Java heap size (-Xmx/-Xms)
#   Decrease number of Java threads
#   Decrease Java thread stack sizes (-Xss)
#   Set larger code cache with -XX:ReservedCodeCacheSize=
#   JVM is running with Zero Based Compressed Oops mode in which the Java heap is
#     placed in the first 32GB address space. The Java Heap base address is the
#     maximum limit for the native heap growth. Please use -XX:HeapBaseMinAddress
#     to set the Java Heap base and to place the Java Heap above 32GB virtual address.
# This output file may be truncated or incomplete.
#
#  Out of Memory Error (os_windows.cpp:3760), pid=37316, tid=88488
#
# JRE version:  (17.0.5+1) (build )
# Java VM: OpenJDK 64-Bit Server VM (17.0.5+1-b653.14, mixed mode, sharing, tiered, compressed oops, compressed class ptrs, g1 gc, windows-amd64)
# No core dump will be written. Minidumps are not enabled by default on client versions of Windows
#

---------------  S U M M A R Y ------------

Command Line: git4idea.http.GitAskPassApp Username for 'https://github.com': 

Host: Intel(R) Core(TM) i7-10700 CPU @ 2.90GHz, 16 cores, 63G,  Windows 11 , 64 bit Build 22000 (10.0.22000.1219)
Time: Mon Dec 12 15:33:26 2022  Windows 11 , 64 bit Build 22000 (10.0.22000.1219) elapsed time: 0.012437 seconds (0d 0h 0m 0s)

---------------  T H R E A D  ---------------

Current thread (0x0000023bc2516c50):  JavaThread "Unknown thread" [_thread_in_vm, id=88488, stack(0x0000007309800000,0x0000007309900000)]

Stack: [0x0000007309800000,0x0000007309900000]
Native frames: (J=compiled Java code, j=interpreted, Vv=VM code, C=native code)
V  [jvm.dll+0x6830ca]
V  [jvm.dll+0x83f4c4]
V  [jvm.dll+0x840c6e]
V  [jvm.dll+0x8412d3]
V  [jvm.dll+0x2490b5]
V  [jvm.dll+0x67ff99]
V  [jvm.dll+0x6744aa]
V  [jvm.dll+0x308f2b]
V  [jvm.dll+0x3103e6]
V  [jvm.dll+0x36013e]
V  [jvm.dll+0x36036f]
V  [jvm.dll+0x2df018]
V  [jvm.dll+0x2dff84]
V  [jvm.dll+0x810d91]
V  [jvm.dll+0x36df31]
V  [jvm.dll+0x7f028c]
V  [jvm.dll+0x3f0cbf]
V  [jvm.dll+0x3f2801]
C  [jli.dll+0x526b]
C  [ucrtbase.dll+0x26c0c]
C  [KERNEL32.DLL+0x15550]
C  [ntdll.dll+0x485b]


---------------  P R O C E S S  ---------------

Threads class SMR info:
_java_thread_list=0x00007ffb1b0c8f98, length=0, elements={
}

Java Threads: ( => current thread )

Other Threads:
  0x0000023bfb4d0820 GCTaskThread "GC Thread#0" [stack: 0x0000007309900000,0x0000007309a00000] [id=52272]
  0x0000023bc25d8780 ConcurrentGCThread "G1 Main Marker" [stack: 0x0000007309a00000,0x0000007309b00000] [id=17460]
  0x0000023bc25d9090 ConcurrentGCThread "G1 Conc#0" [stack: 0x0000007309b00000,0x0000007309c00000] [id=31732]

[error occurred during error reporting (printing all threads), id 0xc0000005, EXCEPTION_ACCESS_VIOLATION (0xc0000005) at pc=0x00007ffb1a87fbd7]

VM state: not at safepoint (not fully initialized)

VM Mutex/Monitor currently owned by a thread:  ([mutex/lock_event])
[0x0000023bc250fc50] Heap_lock - owner thread: 0x0000023bc2516c50

Heap address: 0x0000000401000000, size: 16368 MB, Compressed Oops mode: Zero based, Oop shift amount: 3

CDS archive(s) mapped at: [0x0000000000000000-0x0000000000000000-0x0000000000000000), size 0, SharedBaseAddress: 0x0000000800000000, ArchiveRelocationMode: 0.
Narrow klass base: 0x0000000000000000, Narrow klass shift: 0, Narrow klass range: 0x0

GC Precious Log:
<Empty>

Heap:
 garbage-first heap   total 0K, used 0K [0x0000000401000000, 0x0000000800000000)
  region size 8192K, 0 young (0K), 0 survivors (0K)

[error occurred during error reporting (printing heap information), id 0xc0000005, EXCEPTION_ACCESS_VIOLATION (0xc0000005) at pc=0x00007ffb1ac6cd59]

GC Heap History (0 events):
No events

Dll operation events (1 events):
Event: 0.008 Loaded shared library C:\Program Files\JetBrains\JetBrains Rider 2021.3.3\jbr\bin\java.dll

Deoptimization events (0 events):
No events

Classes unloaded (0 events):
No events

Classes redefined (0 events):
No events

Internal exceptions (0 events):
No events

VM Operations (0 events):
No events

Events (0 events):
No events


Dynamic libraries:
0x00007ff678170000 - 0x00007ff67817a000 	C:\Program Files\JetBrains\JetBrains Rider 2021.3.3\jbr\bin\java.exe
0x00007ffb2be00000 - 0x00007ffb2c009000 	C:\Windows\SYSTEM32\ntdll.dll
0x00007ffb29fd0000 - 0x00007ffb2a08e000 	C:\Windows\System32\KERNEL32.DLL
0x00007ffb293e0000 - 0x00007ffb2975b000 	C:\Windows\System32\KERNELBASE.dll
0x00007ffb29760000 - 0x00007ffb29871000 	C:\Windows\System32\ucrtbase.dll
0x00007ffb20aa0000 - 0x00007ffb20ab7000 	C:\Program Files\JetBrains\JetBrains Rider 2021.3.3\jbr\bin\jli.dll
0x00007ffab6620000 - 0x00007ffab663b000 	C:\Program Files\JetBrains\JetBrains Rider 2021.3.3\jbr\bin\VCRUNTIME140.dll
0x00007ffb2a1f0000 - 0x00007ffb2a39d000 	C:\Windows\System32\USER32.dll
0x00007ffb29b90000 - 0x00007ffb29bb6000 	C:\Windows\System32\win32u.dll
0x00007ffaffb20000 - 0x00007ffaffdc5000 	C:\Windows\WinSxS\amd64_microsoft.windows.common-controls_6595b64144ccf1df_6.0.22000.120_none_9d947278b86cc467\COMCTL32.dll
0x00007ffb2ba80000 - 0x00007ffb2baa9000 	C:\Windows\System32\GDI32.dll
0x00007ffb2a560000 - 0x00007ffb2a603000 	C:\Windows\System32\msvcrt.dll
0x00007ffb29880000 - 0x00007ffb29998000 	C:\Windows\System32\gdi32full.dll
0x00007ffb292d0000 - 0x00007ffb2936d000 	C:\Windows\System32\msvcp_win.dll
0x00007ffb29da0000 - 0x00007ffb29dd2000 	C:\Windows\System32\IMM32.DLL
0x00007ffb086c0000 - 0x00007ffb086cc000 	C:\Program Files\JetBrains\JetBrains Rider 2021.3.3\jbr\bin\vcruntime140_1.dll
0x00007ffab12d0000 - 0x00007ffab135d000 	C:\Program Files\JetBrains\JetBrains Rider 2021.3.3\jbr\bin\msvcp140.dll
0x00007ffb1a590000 - 0x00007ffb1b1fb000 	C:\Program Files\JetBrains\JetBrains Rider 2021.3.3\jbr\bin\server\jvm.dll
0x00007ffb29cf0000 - 0x00007ffb29d9e000 	C:\Windows\System32\ADVAPI32.dll
0x00007ffb2ab40000 - 0x00007ffb2abde000 	C:\Windows\System32\sechost.dll
0x00007ffb2af70000 - 0x00007ffb2b090000 	C:\Windows\System32\RPCRT4.dll
0x00007ffb17110000 - 0x00007ffb17119000 	C:\Windows\SYSTEM32\WSOCK32.dll
0x00007ffb29c80000 - 0x00007ffb29cef000 	C:\Windows\System32\WS2_32.dll
0x00007ffb20170000 - 0x00007ffb201a3000 	C:\Windows\SYSTEM32\WINMM.dll
0x00007ffb21020000 - 0x00007ffb2102a000 	C:\Windows\SYSTEM32\VERSION.dll
0x00007ffb28400000 - 0x00007ffb28418000 	C:\Windows\SYSTEM32\kernel.appcore.dll
0x00007ffb25f30000 - 0x00007ffb25f3a000 	C:\Program Files\JetBrains\JetBrains Rider 2021.3.3\jbr\bin\jimage.dll
0x00007ffb180f0000 - 0x00007ffb18311000 	C:\Windows\SYSTEM32\DBGHELP.DLL
0x00007ffb1d570000 - 0x00007ffb1d5a1000 	C:\Windows\SYSTEM32\dbgcore.DLL
0x00007ffb29b10000 - 0x00007ffb29b8f000 	C:\Windows\System32\bcryptPrimitives.dll
0x00007ffb1dd90000 - 0x00007ffb1ddb5000 	C:\Program Files\JetBrains\JetBrains Rider 2021.3.3\jbr\bin\java.dll

dbghelp: loaded successfully - version: 4.0.5 - missing functions: none
symbol engine: initialized successfully - sym options: 0x614 - pdb path: .;C:\Program Files\JetBrains\JetBrains Rider 2021.3.3\jbr\bin;C:\Windows\SYSTEM32;C:\Windows\WinSxS\amd64_microsoft.windows.common-controls_6595b64144ccf1df_6.0.22000.120_none_9d947278b86cc467;C:\Program Files\JetBrains\JetBrains Rider 2021.3.3\jbr\bin\server

VM Arguments:
java_command: git4idea.http.GitAskPassApp Username for 'https://github.com': 
java_class_path (initial): C:/Program Files/JetBrains/JetBrains Rider 2021.3.3/plugins/vcs-git/lib/git4idea-rt.jar;C:/Program Files/JetBrains/JetBrains Rider 2021.3.3/lib/externalProcess-rt.jar;C:/Program Files/JetBrains/JetBrains Rider 2021.3.3/lib/app.jar;C:/Program Files/JetBrains/JetBrains Rider 2021.3.3/lib/3rd-party-rt.jar
Launcher Type: SUN_STANDARD

[Global flags]
     intx CICompilerCount                          = 12                                        {product} {ergonomic}
     uint ConcGCThreads                            = 3                                         {product} {ergonomic}
     uint G1ConcRefinementThreads                  = 13                                        {product} {ergonomic}
   size_t G1HeapRegionSize                         = 8388608                                   {product} {ergonomic}
    uintx GCDrainStackTargetSize                   = 64                                        {product} {ergonomic}
   size_t InitialHeapSize                          = 1073741824                                {product} {ergonomic}
   size_t MarkStackSize                            = 4194304                                   {product} {ergonomic}
   size_t MaxHeapSize                              = 17163091968                               {product} {ergonomic}
   size_t MinHeapDeltaBytes                        = 8388608                                   {product} {ergonomic}
   size_t MinHeapSize                              = 8388608                                   {product} {ergonomic}
    uintx NonNMethodCodeHeapSize                   = 7602480                                {pd product} {ergonomic}
    uintx NonProfiledCodeHeapSize                  = 122027880                              {pd product} {ergonomic}
    uintx ProfiledCodeHeapSize                     = 122027880                              {pd product} {ergonomic}
    uintx ReservedCodeCacheSize                    = 251658240                              {pd product} {ergonomic}
     bool SegmentedCodeCache                       = true                                      {product} {ergonomic}
   size_t SoftMaxHeapSize                          = 17163091968                            {manageable} {ergonomic}
     bool UseCompressedClassPointers               = true                           {product lp64_product} {ergonomic}
     bool UseCompressedOops                        = true                           {product lp64_product} {ergonomic}
     bool UseG1GC                                  = true                                      {product} {ergonomic}
     bool UseLargePagesIndividualAllocation        = false                                  {pd product} {ergonomic}

Logging:
Log output configuration:
 #0: stdout all=warning uptime,level,tags
 #1: stderr all=off uptime,level,tags

Environment Variables:
PATH=C:\Program Files\Git\mingw64\libexec\git-core;C:\Program Files\Git\mingw64\libexec\git-core;C:\Program Files\Git\mingw64\bin;C:\Program Files\Git\usr\bin;C:\Users\97038\bin;C:\Program Files\PlasticSCM5\server;C:\Program Files\PlasticSCM5\client;C:\Program Files (x86)\Razer\ChromaBroadcast\bin;C:\Program Files\Razer\ChromaBroadcast\bin;C:\Program Files\NVIDIA GPU Computing Toolkit\CUDA\v10.1\bin;C:\Program Files\NVIDIA GPU Computing Toolkit\CUDA\v10.1\libnvvp;C:\Python310\Scripts;C:\Python310;C:\Program Files\Microsoft\jdk-11.0.12.7-hotspot\bin;C:\Program Files\Common Files\Oracle\Java\javapath;C:\Program Files (x86)\Common Files\Oracle\Java\javapath;C:\Windows\system32;C:\Windows;C:\Windows\System32\Wbem;C:\Windows\System32\WindowsPowerShell\v1.0;C:\Windows\System32\OpenSSH;C:\Program Files\Microsoft SQL Server\150\Tools\Binn;C:\Program Files\Microsoft SQL Server\Client SDK\ODBC\170\Tools\Binn;C:\Program Files\Bandizip;C:\Program Files\nodejs;C:\ProgramData\chocolatey\bin;C:\Program Files (x86)\Yarn\bin;C:\Program Files\NVIDIA Corporation\NVIDIA NvDLISR;C:\Program Files (x86)\NVIDIA Corporation\PhysX\Common;C:\Program Files\Microsoft\Web Platform Installer;C:\Program Files\NVIDIA Corporation\Nsight Compute 2019.4.0;C:\Program Files (x86)\Microsoft SQL Server\150\DTS\Binn;C:\Program Files\Azure Data Studio\bin;C:\Program Files\dotnet;C:\Program Files (x86)\T;C:\Program Files\Microsoft SQL Server\Client SDK\ODBC\130\Tools\Binn;C:\Program Files(x86)\Tencent\微信web开发者工具\dll;C:\Win;ows\system32\config\systemprofile\AppData\Local\Microsoft\WindowsApps;C:\Program Files (x86)\Microsoft SQL Server\150\Tools\Binn;C:\Program Files\Microsoft SQL Server\150\DTS\Binn;C:\Program Files\Git\cmd;C:\Users\97038\.cargo\bin;C:\Users\97038\AppData\Local\Microsoft\WindowsApps;C:\Users\97038\AppData\Local\Programs\Microsoft VS Code\bin;C:\Program Files\JetBrains\DataGrip 2021.3.4\bin;C:\Program Files\JetBrains\JetBrains Rider 2021.3.3\bin;C:\Program Files\JetBrains\PyCharm 2021.2.3
USERNAME=97038
DISPLAY=:0.0
LC_ALL=en_US.UTF-8
TERM=xterm-256color
TMPDIR=C:\Users\97038\AppData\Local\Temp
OS=Windows_NT
PROCESSOR_IDENTIFIER=Intel64 Family 6 Model 165 Stepping 5, GenuineIntel
TMP=C:\Users\97038\AppData\Local\Temp
TEMP=C:\Users\97038\AppData\Local\Temp



---------------  S Y S T E M  ---------------

OS:
 Windows 11 , 64 bit Build 22000 (10.0.22000.1219)
OS uptime: 11 days 0:28 hours
Hyper-V role detected

CPU: total 16 (initial active 16) (8 cores per cpu, 2 threads per core) family 6 model 165 stepping 5 microcode 0xe0, cx8, cmov, fxsr, ht, mmx, 3dnowpref, sse, sse2, sse3, ssse3, sse4.1, sse4.2, popcnt, lzcnt, tsc, tscinvbit, avx, avx2, aes, erms, clmul, bmi1, bmi2, adx, fma, vzeroupper, clflush, clflushopt, hv

Memory: 4k page, system-wide physical 65469M (15356M free)
TotalPageFile size 65469M (AvailPageFile size 682M)
current process WorkingSet (physical memory assigned to process): 11M, peak: 11M
current process commit charge ("private bytes"): 71M, peak: 1095M

vm_info: OpenJDK 64-Bit Server VM (17.0.5+1-b653.14) for windows-amd64 JRE (17.0.5+1-b653.14), built on 2022-11-10 by "builduser" with MS VC++ 16.10 / 16.11 (VS2019)

END.
